#
# There is insufficient memory for the Java Runtime Environment to continue.
# Native memory allocation (malloc) failed to allocate 32744 bytes for ChunkPool::allocate
# Possible reasons:
#   The system is out of physical RAM or swap space
#   The process is running with CompressedOops enabled, and the Java Heap may be blocking the growth of the native heap
# Possible solutions:
#   Reduce memory load on the system
#   Increase physical memory or swap space
#   Check if swap backing store is full
#   Decrease Java heap size (-Xmx/-Xms)
#   Decrease number of Java threads
Native frames: (J=compiled Java code, j=interpreted, Vv=VM code, C=native code)
V  [jvm.dll+0x62bf8a]
V  [jvm.dll+0x7b8fb9]
V  [jvm.dll+0x7ba6a8]
V  [jvm.dll+0x7bad83]
V  [jvm.dll+0x250248]
V  [jvm.dll+0xc286b]
V  [jvm.dll+0xc2bcc]
V  [jvm.dll+0x7460db]
V  [jvm.dll+0x746249]
V  [jvm.dll+0x4f7a32]
V  [jvm.dll+0x5e0289]
V  [jvm.dll+0x21c42f]
V  [jvm.dll+0x21c9a7]
V  [jvm.dll+0x7b8e57]
V  [jvm.dll+0x7ba6a8]
V  [jvm.dll+0x7bad83]
V  [jvm.dll+0x250248]
V  [jvm.dll+0xc286b]
V  [jvm.dll+0xc2bcc]
V  [jvm.dll+0x16bf73]
V  [jvm.dll+0x16c037]
V  [jvm.dll+0x16e9f9]
V  [jvm.dll+0x1706b1]
V  [jvm.dll+0x12ae95]
V  [jvm.dll+0x12a70f]
V  [jvm.dll+0x12a93f]
V  [jvm.dll+0x129be4]
V  [jvm.dll+0x12baf7]
V  [jvm.dll+0x217eec]
V  [jvm.dll+0x21612b]
V  [jvm.dll+0x77bac0]
V  [jvm.dll+0x7749f4]
V  [jvm.dll+0x62adf5]
C  [ucrtbase.dll+0x26c0c]
C  [KERNEL32.DLL+0x153e0]
C  [ntdll.dll+0x485b]


---------------  P R O C E S S  ---------------

Threads class SMR info:
_java_thread_list=0x000001a83a51fe10, length=13, elements={
0x000001a81ef88000, 0x000001a838da8800, 0x000001a838daa000, 0x000001a838da2800,
0x000001a838da4800, 0x000001a838dbb000, 0x000001a838dbe000, 0x000001a838dc4800,
0x000001a839773800, 0x000001a839869000, 0x000001a839b18000, 0x000001a83a381800,
0x000001a83a0bd000
}

Java Threads: ( => current thread )
  0x000001a81ef88000 JavaThread "main" [_thread_blocked, id=40180, stack(0x00000056ddf00000,0x00000056de000000)]
  0x000001a838da8800 JavaThread "Reference Handler" daemon [_thread_blocked, id=42200, stack(0x00000056de600000,0x00000056de700000)]
  0x000001a838daa000 JavaThread "Finalizer" daemon [_thread_blocked, id=42204, stack(0x00000056de700000,0x00000056de800000)]
  0x000001a838da2800 JavaThread "Signal Dispatcher" daemon [_thread_blocked, id=42628, stack(0x00000056de800000,0x00000056de900000)]
  0x000001a838da4800 JavaThread "Attach Listener" daemon [_thread_blocked, id=42632, stack(0x00000056de900000,0x00000056dea00000)]
  0x000001a838dbb000 JavaThread "Service Thread" daemon [_thread_blocked, id=42636, stack(0x00000056dea00000,0x00000056deb00000)]
  0x000001a838dbe000 JavaThread "C2 CompilerThread0" daemon [_thread_blocked, id=42640, stack(0x00000056deb00000,0x00000056dec00000)]
=>0x000001a838dc4800 JavaThread "C1 CompilerThread0" daemon [_thread_in_native, id=42708, stack(0x00000056dec00000,0x00000056ded00000)]
  0x000001a839773800 JavaThread "Sweeper thread" daemon [_thread_blocked, id=42808, stack(0x00000056ded00000,0x00000056dee00000)]
  0x000001a839869000 JavaThread "Common-Cleaner" daemon [_thread_blocked, id=42988, stack(0x00000056def00000,0x00000056df000000)]
  0x000001a839b18000 JavaThread "pool-1-thread-1" [_thread_blocked, id=37940, stack(0x00000056dde00000,0x00000056ddf00000)]
  0x000001a83a381800 JavaThread "Exec process" [_thread_in_native, id=18784, stack(0x00000056df100000,0x00000056df200000)]
  0x000001a83a0bd000 JavaThread "Exec process Thread 2" [_thread_blocked, id=3116, stack(0x00000056df500000,0x00000056df600000)]

Other Threads:
  0x000001a838d6f000 VMThread "VM Thread" [stack: 0x00000056de500000,0x00000056de600000] [id=41268]
  0x000001a83985c000 WatcherThread [stack: 0x00000056dee00000,0x00000056def00000] [id=42964]
  0x000001a81ef9a800 GCTaskThread "GC Thread#0" [stack: 0x00000056de000000,0x00000056de100000] [id=41020]
  0x000001a839963800 GCTaskThread "GC Thread#1" [stack: 0x00000056ddd00000,0x00000056dde00000] [id=27580]
  0x000001a81efa1000 ConcurrentGCThread "G1 Main Marker" [stack: 0x00000056de100000,0x00000056de200000] [id=41024]
  0x000001a81efa2800 ConcurrentGCThread "G1 Conc#0" [stack: 0x00000056de200000,0x00000056de300000] [id=41028]
  0x000001a81eff9800 ConcurrentGCThread "G1 Refine#0" [stack: 0x00000056de300000,0x00000056de400000] [id=41040]
  0x000001a81effa800 ConcurrentGCThread "G1 Young RemSet Sampling" [stack: 0x00000056de400000,0x00000056de500000] [id=41044]

Threads with active compile tasks:
C1 CompilerThread0   227187 1348       3       java.util.regex.Pattern::curly (115 bytes)

VM state:not at safepoint (normal execution)

VM Mutex/Monitor currently owned by a thread: None

Heap address: 0x00000000fc000000, size: 64 MB, Compressed Oops mode: 32-bit
Narrow klass base: 0x0000000000000000, Narrow klass shift: 3
Compressed class space size: 1073741824 Address: 0x0000000100000000

Heap:
 garbage-first heap   total 65536K, used 39460K [0x00000000fc000000, 0x0000000100000000)
  region size 1024K, 35 young (35840K), 2 survivors (2048K)
 Metaspace       used 16185K, capacity 16478K, committed 16640K, reserved 1064960K
  class space    used 1812K, capacity 1925K, committed 2048K, reserved 1048576K
Heap Regions: E=young(eden), S=young(survivor), O=old, HS=humongous(starts), HC=humongous(continues), CS=collection set, F=free, A=archive, TAMS=top-at-mark-start (previous, next)
|   0|0x00000000fc000000, 0x00000000fc100000, 0x00000000fc100000|100%| O|  |TAMS 0x00000000fc000000, 0x00000000fc000000| Untracked 
|   1|0x00000000fc100000, 0x00000000fc189000, 0x00000000fc200000| 53%| O|  |TAMS 0x00000000fc100000, 0x00000000fc100000| Untracked 
|   2|0x00000000fc200000, 0x00000000fc300000, 0x00000000fc300000|100%|HS|  |TAMS 0x00000000fc200000, 0x00000000fc200000| Complete 
|   3|0x00000000fc300000, 0x00000000fc400000, 0x00000000fc400000|100%|HC|  |TAMS 0x00000000fc300000, 0x00000000fc300000| Complete 
|   4|0x00000000fc400000, 0x00000000fc500000, 0x00000000fc500000|100%|HC|  |TAMS 0x00000000fc400000, 0x00000000fc400000| Complete 
|   5|0x00000000fc500000, 0x00000000fc600000, 0x00000000fc600000|100%|HC|  |TAMS 0x00000000fc500000, 0x00000000fc500000| Complete 
|   6|0x00000000fc600000, 0x00000000fc600000, 0x00000000fc700000|  0%| F|  |TAMS 0x00000000fc600000, 0x00000000fc600000| Untracked 
|   7|0x00000000fc700000, 0x00000000fc700000, 0x00000000fc800000|  0%| F|  |TAMS 0x00000000fc700000, 0x00000000fc700000| Untracked 
|   8|0x00000000fc800000, 0x00000000fc800000, 0x00000000fc900000|  0%| F|  |TAMS 0x00000000fc800000, 0x00000000fc800000| Untracked 
|   9|0x00000000fc900000, 0x00000000fc900000, 0x00000000fca00000|  0%| F|  |TAMS 0x00000000fc900000, 0x00000000fc900000| Untracked 
|  10|0x00000000fca00000, 0x00000000fca00000, 0x00000000fcb00000|  0%| F|  |TAMS 0x00000000fca00000, 0x00000000fca00000| Untracked 
|  11|0x00000000fcb00000, 0x00000000fcb00000, 0x00000000fcc00000|  0%| F|  |TAMS 0x00000000fcb00000, 0x00000000fcb00000| Untracked 
|  12|0x00000000fcc00000, 0x00000000fcc00000, 0x00000000fcd00000|  0%| F|  |TAMS 0x00000000fcc00000, 0x00000000fcc00000| Untracked 
|  13|0x00000000fcd00000, 0x00000000fcd00000, 0x00000000fce00000|  0%| F|  |TAMS 0x00000000fcd00000, 0x00000000fcd00000| Untracked 
|  14|0x00000000fce00000, 0x00000000fce00000, 0x00000000fcf00000|  0%| F|  |TAMS 0x00000000fce00000, 0x00000000fce00000| Untracked 
|  15|0x00000000fcf00000, 0x00000000fcf00000, 0x00000000fd000000|  0%| F|  |TAMS 0x00000000fcf00000, 0x00000000fcf00000| Untracked 
|  16|0x00000000fd000000, 0x00000000fd000000, 0x00000000fd100000|  0%| F|  |TAMS 0x00000000fd000000, 0x00000000fd000000| Untracked 
|  17|0x00000000fd100000, 0x00000000fd100000, 0x00000000fd200000|  0%| F|  |TAMS 0x00000000fd100000, 0x00000000fd100000| Untracked 
|  18|0x00000000fd200000, 0x00000000fd200000, 0x00000000fd300000|  0%| F|  |TAMS 0x00000000fd200000, 0x00000000fd200000| Untracked 
|  19|0x00000000fd300000, 0x00000000fd300000, 0x00000000fd400000|  0%| F|  |TAMS 0x00000000fd300000, 0x00000000fd300000| Untracked 
|  20|0x00000000fd400000, 0x00000000fd400000, 0x00000000fd500000|  0%| F|  |TAMS 0x00000000fd400000, 0x00000000fd400000| Untracked 
|  21|0x00000000fd500000, 0x00000000fd500000, 0x00000000fd600000|  0%| F|  |TAMS 0x00000000fd500000, 0x00000000fd500000| Untracked 
|  22|0x00000000fd600000, 0x00000000fd600000, 0x00000000fd700000|  0%| F|  |TAMS 0x00000000fd600000, 0x00000000fd600000| Untracked 
|  23|0x00000000fd700000, 0x00000000fd700000, 0x00000000fd800000|  0%| F|  |TAMS 0x00000000fd700000, 0x00000000fd700000| Untracked 
|  24|0x00000000fd800000, 0x00000000fd800000, 0x00000000fd900000|  0%| F|  |TAMS 0x00000000fd800000, 0x00000000fd800000| Untracked 
|  25|0x00000000fd900000, 0x00000000fd900000, 0x00000000fda00000|  0%| F|  |TAMS 0x00000000fd900000, 0x00000000fd900000| Untracked 
|  26|0x00000000fda00000, 0x00000000fda00000, 0x00000000fdb00000|  0%| F|  |TAMS 0x00000000fda00000, 0x00000000fda00000| Untracked 
|  27|0x00000000fdb00000, 0x00000000fdb00000, 0x00000000fdc00000|  0%| F|  |TAMS 0x00000000fdb00000, 0x00000000fdb00000| Untracked 
|  28|0x00000000fdc00000, 0x00000000fdc00000, 0x00000000fdd00000|  0%| F|  |TAMS 0x00000000fdc00000, 0x00000000fdc00000| Untracked 
|  29|0x00000000fdd00000, 0x00000000fde00000, 0x00000000fde00000|100%| E|  |TAMS 0x00000000fdd00000, 0x00000000fdd00000| Complete 
|  30|0x00000000fde00000, 0x00000000fdf00000, 0x00000000fdf00000|100%| E|CS|TAMS 0x00000000fde00000, 0x00000000fde00000| Complete 
|  31|0x00000000fdf00000, 0x00000000fe000000, 0x00000000fe000000|100%| E|CS|TAMS 0x00000000fdf00000, 0x00000000fdf00000| Complete 
|  32|0x00000000fe000000, 0x00000000fe100000, 0x00000000fe100000|100%| E|CS|TAMS 0x00000000fe000000, 0x00000000fe000000| Complete 
|  33|0x00000000fe100000, 0x00000000fe200000, 0x00000000fe200000|100%| E|CS|TAMS 0x00000000fe100000, 0x00000000fe100000| Complete 
|  34|0x00000000fe200000, 0x00000000fe300000, 0x00000000fe300000|100%| E|CS|TAMS 0x00000000fe200000, 0x00000000fe200000| Complete 
|  35|0x00000000fe300000, 0x00000000fe400000, 0x00000000fe400000|100%| E|CS|TAMS 0x00000000fe300000, 0x00000000fe300000| Complete 
|  36|0x00000000fe400000, 0x00000000fe500000, 0x00000000fe500000|100%| E|CS|TAMS 0x00000000fe400000, 0x00000000fe400000| Complete 
|  37|0x00000000fe500000, 0x00000000fe600000, 0x00000000fe600000|100%| E|CS|TAMS 0x00000000fe500000, 0x00000000fe500000| Complete 
|  38|0x00000000fe600000, 0x00000000fe700000, 0x00000000fe700000|100%| E|CS|TAMS 0x00000000fe600000, 0x00000000fe600000| Complete 
|  39|0x00000000fe700000, 0x00000000fe800000, 0x00000000fe800000|100%| E|CS|TAMS 0x00000000fe700000, 0x00000000fe700000| Complete 
|  40|0x00000000fe800000, 0x00000000fe900000, 0x00000000fe900000|100%| E|CS|TAMS 0x00000000fe800000, 0x00000000fe800000| Complete 
|  41|0x00000000fe900000, 0x00000000fea00000, 0x00000000fea00000|100%| E|CS|TAMS 0x00000000fe900000, 0x00000000fe900000| Complete 
|  42|0x00000000fea00000, 0x00000000feb00000, 0x00000000feb00000|100%| E|CS|TAMS 0x00000000fea00000, 0x00000000fea00000| Complete 
|  43|0x00000000feb00000, 0x00000000fec00000, 0x00000000fec00000|100%| E|CS|TAMS 0x00000000feb00000, 0x00000000feb00000| Complete 
|  44|0x00000000fec00000, 0x00000000fed00000, 0x00000000fed00000|100%| E|CS|TAMS 0x00000000fec00000, 0x00000000fec00000| Complete 
|  45|0x00000000fed00000, 0x00000000fee00000, 0x00000000fee00000|100%| E|CS|TAMS 0x00000000fed00000, 0x00000000fed00000| Complete 
|  46|0x00000000fee00000, 0x00000000fef00000, 0x00000000fef00000|100%| E|CS|TAMS 0x00000000fee00000, 0x00000000fee00000| Complete 
|  47|0x00000000fef00000, 0x00000000ff000000, 0x00000000ff000000|100%| E|CS|TAMS 0x00000000fef00000, 0x00000000fef00000| Complete 
|  48|0x00000000ff000000, 0x00000000ff100000, 0x00000000ff100000|100%| S|CS|TAMS 0x00000000ff000000, 0x00000000ff000000| Complete 
|  49|0x00000000ff100000, 0x00000000ff200000, 0x00000000ff200000|100%| S|CS|TAMS 0x00000000ff100000, 0x00000000ff100000| Complete 
|  50|0x00000000ff200000, 0x00000000ff300000, 0x00000000ff300000|100%| E|CS|TAMS 0x00000000ff200000, 0x00000000ff200000| Complete 
|  51|0x00000000ff300000, 0x00000000ff400000, 0x00000000ff400000|100%| E|CS|TAMS 0x00000000ff300000, 0x00000000ff300000| Complete 
|  52|0x00000000ff400000, 0x00000000ff500000, 0x00000000ff500000|100%| E|CS|TAMS 0x00000000ff400000, 0x00000000ff400000| Complete 
|  53|0x00000000ff500000, 0x00000000ff600000, 0x00000000ff600000|100%| E|CS|TAMS 0x00000000ff500000, 0x00000000ff500000| Complete 
|  54|0x00000000ff600000, 0x00000000ff700000, 0x00000000ff700000|100%| E|CS|TAMS 0x00000000ff600000, 0x00000000ff600000| Complete 
|  55|0x00000000ff700000, 0x00000000ff800000, 0x00000000ff800000|100%| E|CS|TAMS 0x00000000ff700000, 0x00000000ff700000| Complete 
|  56|0x00000000ff800000, 0x00000000ff900000, 0x00000000ff900000|100%| E|CS|TAMS 0x00000000ff800000, 0x00000000ff800000| Complete 
|  57|0x00000000ff900000, 0x00000000ffa00000, 0x00000000ffa00000|100%| E|CS|TAMS 0x00000000ff900000, 0x00000000ff900000| Complete 
|  58|0x00000000ffa00000, 0x00000000ffb00000, 0x00000000ffb00000|100%| E|CS|TAMS 0x00000000ffa00000, 0x00000000ffa00000| Complete 
|  59|0x00000000ffb00000, 0x00000000ffc00000, 0x00000000ffc00000|100%| E|CS|TAMS 0x00000000ffb00000, 0x00000000ffb00000| Complete 
|  60|0x00000000ffc00000, 0x00000000ffd00000, 0x00000000ffd00000|100%| E|CS|TAMS 0x00000000ffc00000, 0x00000000ffc00000| Complete 
|  61|0x00000000ffd00000, 0x00000000ffe00000, 0x00000000ffe00000|100%| E|CS|TAMS 0x00000000ffd00000, 0x00000000ffd00000| Complete 
|  62|0x00000000ffe00000, 0x00000000fff00000, 0x00000000fff00000|100%| E|  |TAMS 0x00000000ffe00000, 0x00000000ffe00000| Complete 
|  63|0x00000000fff00000, 0x0000000100000000, 0x0000000100000000|100%| E|CS|TAMS 0x00000000fff00000, 0x00000000fff00000| Complete 

Card table byte_map: [0x000001a81ced0000,0x000001a81cef0000] _byte_map_base: 0x000001a81c6f0000

Marking Bits (Prev, Next): (CMBitMap*) 0x000001a81efa00c8, (CMBitMap*) 0x000001a81efa0100
 Prev Bits: [0x000001a81ed70000, 0x000001a81ee70000)
 Next Bits: [0x000001a8366e0000, 0x000001a8367e0000)

Polling page: 0x000001a81ce70000

Metaspace:

Usage:
  Non-class:     14.21 MB capacity,    14.04 MB ( 99%) used,   155.98 KB (  1%) free+waste,    24.38 KB ( <1%) overhead. 
      Class:      1.88 MB capacity,     1.77 MB ( 94%) used,   100.30 KB (  5%) free+waste,    12.00 KB ( <1%) overhead. 
       Both:     16.09 MB capacity,    15.81 MB ( 98%) used,   256.29 KB (  2%) free+waste,    36.38 KB ( <1%) overhead. 

Virtual space:
  Non-class space:       16.00 MB reserved,      14.25 MB ( 89%) committed 
      Class space:        1.00 GB reserved,       2.00 MB ( <1%) committed 
             Both:        1.02 GB reserved,      16.25 MB (  2%) committed 

Chunk freelists:
   Non-Class:  39.00 KB
       Class:  27.00 KB
        Both:  66.00 KB

MaxMetaspaceSize: 17179869184.00 GB
CompressedClassSpaceSize: 1.00 GB
Initial GC threshold: 20.80 MB
Current GC threshold: 20.80 MB
CDS: off

CodeHeap 'non-profiled nmethods': size=120064Kb used=522Kb max_used=522Kb free=119541Kb
 bounds [0x000001a82f1a0000, 0x000001a82f410000, 0x000001a8366e0000]
CodeHeap 'profiled nmethods': size=120000Kb used=2604Kb max_used=2604Kb free=117395Kb
 bounds [0x000001a827c70000, 0x000001a827f00000, 0x000001a82f1a0000]
CodeHeap 'non-nmethods': size=5696Kb used=1166Kb max_used=1177Kb free=4529Kb
 bounds [0x000001a8276e0000, 0x000001a827950000, 0x000001a827c70000]
 total_blobs=1772 nmethods=1341 adapters=344
 compilation: enabled
              stopped_count=0, restarted_count=0
 full_count=0

Compilation events (20 events):
Event: 210.589 Thread 0x000001a838dc4800 1338       3       java.util.StringTokenizer::skipDelimiters (116 bytes)
Event: 210.591 Thread 0x000001a838dc4800 nmethod 1338 0x000001a827ef6c90 code [0x000001a827ef6f40, 0x000001a827ef7c68]
Event: 210.591 Thread 0x000001a838dc4800 1340       3       java.util.StringTokenizer::hasMoreTokens (29 bytes)
Event: 210.885 Thread 0x000001a838dc4800 nmethod 1340 0x000001a827ef8110 code [0x000001a827ef82c0, 0x000001a827ef8468]
Event: 210.887 Thread 0x000001a838dc4800 1337       3       java.lang.invoke.MemberName::isResolved (13 bytes)
Event: 210.887 Thread 0x000001a838dbe000 nmethod 1332 0x000001a82f220e90 code [0x000001a82f221060, 0x000001a82f221ef8]
Event: 210.888 Thread 0x000001a838dc4800 nmethod 1337 0x000001a827ef8510 code [0x000001a827ef86c0, 0x000001a827ef8818]
Event: 210.888 Thread 0x000001a838dc4800 1342       3       java.lang.Byte::<init> (10 bytes)
Event: 210.888 Thread 0x000001a838dc4800 nmethod 1342 0x000001a827ef8890 code [0x000001a827ef8a40, 0x000001a827ef8bf8]
Event: 210.888 Thread 0x000001a838dc4800 1343       3       java.lang.invoke.MethodHandles$Lookup::checkSecurityManager (104 bytes)
Event: 210.890 Thread 0x000001a838dc4800 nmethod 1343 0x000001a827ef8d10 code [0x000001a827ef9000, 0x000001a827ef9ec8]
Event: 219.106 Thread 0x000001a838dbe000 1344       4       java.lang.Thread::interrupted (8 bytes)
Event: 219.107 Thread 0x000001a838dbe000 nmethod 1344 0x000001a82f222690 code [0x000001a82f222820, 0x000001a82f2228a8]
Event: 220.005 Thread 0x000001a838dc4800 1345       3       java.util.LinkedHashMap$LinkedValueIterator::next (8 bytes)
Event: 220.005 Thread 0x000001a838dc4800 nmethod 1345 0x000001a827efa390 code [0x000001a827efa540, 0x000001a827efa668]
Event: 225.007 Thread 0x000001a838dc4800 1346       3       org.gradle.internal.logging.sink.GroupingProgressLogEventGenerator$OperationState::maybeFlushOutput (1 bytes)
Event: 225.007 Thread 0x000001a838dc4800 nmethod 1346 0x000001a827efa710 code [0x000001a827efa8c0, 0x000001a827efa9b8]
Event: 227.070 Thread 0x000001a838dc4800 1347       3       java.nio.ByteBuffer::arrayOffset (35 bytes)
Event: 227.070 Thread 0x000001a838dc4800 nmethod 1347 0x000001a827efaa90 code [0x000001a827efac60, 0x000001a827efaf18]
Event: 227.071 Thread 0x000001a838dc4800 1348       3       java.util.regex.Pattern::curly (115 bytes)

GC Heap History (2 events):
Event: 94.832 GC heap before
{Heap before GC invocations=0 (full 0):
 garbage-first heap   total 65536K, used 14336K [0x00000000fc000000, 0x0000000100000000)
  region size 1024K, 14 young (14336K), 0 survivors (0K)
 Metaspace       used 7838K, capacity 8017K, committed 8192K, reserved 1056768K
  class space    used 688K, capacity 754K, committed 768K, reserved 1048576K
}
Event: 97.150 GC heap after
{Heap after GC invocations=1 (full 0):
 garbage-first heap   total 65536K, used 3620K [0x00000000fc000000, 0x0000000100000000)
  region size 1024K, 2 young (2048K), 2 survivors (2048K)
 Metaspace       used 7838K, capacity 8017K, committed 8192K, reserved 1056768K
  class space    used 688K, capacity 754K, committed 768K, reserved 1048576K
}

Deoptimization events (20 events):
Event: 200.979 Thread 0x000001a81ef88000 DEOPT PACKING pc=0x000001a827d2b4d1 sp=0x00000056ddffc400
Event: 200.979 Thread 0x000001a81ef88000 DEOPT UNPACKING pc=0x000001a82772a95e sp=0x00000056ddffb8c8 mode 0
Event: 200.981 Thread 0x000001a81ef88000 DEOPT PACKING pc=0x000001a827d2b4d1 sp=0x00000056ddffc400
Event: 200.981 Thread 0x000001a81ef88000 DEOPT UNPACKING pc=0x000001a82772a95e sp=0x00000056ddffb8c8 mode 0
Event: 202.718 Thread 0x000001a81ef88000 DEOPT PACKING pc=0x000001a827d376a1 sp=0x00000056ddffc310
Event: 202.718 Thread 0x000001a81ef88000 DEOPT UNPACKING pc=0x000001a82772a95e sp=0x00000056ddffb808 mode 0
Event: 202.930 Thread 0x000001a81ef88000 DEOPT PACKING pc=0x000001a827ea8ee8 sp=0x00000056ddffc5a0
Event: 202.930 Thread 0x000001a81ef88000 DEOPT UNPACKING pc=0x000001a82772a95e sp=0x00000056ddffbaa8 mode 0
Event: 210.894 Thread 0x000001a83a381800 Uncommon trap: trap_request=0xffffff4d fr.pc=0x000001a82f1e696c relative=0x00000000000000cc
Event: 210.894 Thread 0x000001a83a381800 Uncommon trap: reason=unstable_if action=reinterpret pc=0x000001a82f1e696c method=java.lang.String.getBytes([BIB)V @ 5 c2
Event: 210.894 Thread 0x000001a83a381800 DEOPT PACKING pc=0x000001a82f1e696c sp=0x00000056df1feeb0
Event: 210.894 Thread 0x000001a83a381800 DEOPT UNPACKING pc=0x000001a82772a1af sp=0x00000056df1fee58 mode 2
Event: 210.894 Thread 0x000001a83a381800 Uncommon trap: trap_request=0xffffff4d fr.pc=0x000001a82f20e540 relative=0x0000000000000380
Event: 210.894 Thread 0x000001a83a381800 Uncommon trap: reason=unstable_if action=reinterpret pc=0x000001a82f20e540 method=java.lang.AbstractStringBuilder.isLatin1()Z @ 10 c2
Event: 210.894 Thread 0x000001a83a381800 DEOPT PACKING pc=0x000001a82f20e540 sp=0x00000056df1fef70
Event: 210.895 Thread 0x000001a83a381800 DEOPT UNPACKING pc=0x000001a82772a1af sp=0x00000056df1feef0 mode 2
Event: 227.070 Thread 0x000001a83a381800 Uncommon trap: trap_request=0xffffff4d fr.pc=0x000001a82f1adf9c relative=0x000000000000007c
Event: 227.071 Thread 0x000001a83a381800 Uncommon trap: reason=unstable_if action=reinterpret pc=0x000001a82f1adf9c method=java.lang.String.codePointAt(I)I @ 4 c2
Event: 227.071 Thread 0x000001a83a381800 DEOPT PACKING pc=0x000001a82f1adf9c sp=0x00000056df1fee80
Event: 227.071 Thread 0x000001a83a381800 DEOPT UNPACKING pc=0x000001a82772a1af sp=0x00000056df1fee18 mode 2

Classes redefined (0 events):
No events

Internal exceptions (19 events):
Event: 40.382 Thread 0x000001a81ef88000 Exception <a 'java/lang/NoSuchMethodError'{0x00000000ffc22ec8}: 'int java.lang.invoke.DirectMethodHandle$Holder.invokeStaticInit(java.lang.Object, java.lang.Object)'> (0x00000000ffc22ec8) thrown at [./src/hotspot/share/interpreter/linkResolver.cpp, line 773]
Event: 53.647 Thread 0x000001a81ef88000 Exception <a 'java/lang/NoSuchMethodError'{0x00000000ffcf5c20}: 'int java.lang.invoke.DirectMethodHandle$Holder.invokeSpecial(java.lang.Object, java.lang.Object, java.lang.Object, java.lang.Object)'> (0x00000000ffcf5c20) thrown at [./src/hotspot/share/interpreter/linkResolver.cpp, line 773]
Event: 54.571 Thread 0x000001a81ef88000 Exception <a 'java/lang/NoSuchMethodError'{0x00000000ffb2de40}: 'int java.lang.invoke.DirectMethodHandle$Holder.invokeSpecialIFC(java.lang.Object, java.lang.Object, int)'> (0x00000000ffb2de40) thrown at [./src/hotspot/share/interpreter/linkResolver.cpp, line 773]
Event: 111.888 Thread 0x000001a81ef88000 Implicit null exception at 0x000001a82f1e2675 to 0x000001a82f1e2840
Event: 112.928 Thread 0x000001a81ef88000 Exception <a 'java/lang/NoClassDefFoundError'{0x00000000ff619e30}: org/slf4j/impl/StaticMarkerBinder> (0x00000000ff619e30) thrown at [./src/hotspot/share/classfile/systemDictionary.cpp, line 219]
Event: 113.628 Thread 0x000001a81ef88000 Exception <a 'java/lang/NoSuchMethodError'{0x00000000ff51a778}: 'java.lang.Object java.lang.invoke.DirectMethodHandle$Holder.invokeVirtual(java.lang.Object, java.lang.Object, java.lang.Object, java.lang.Object, java.lang.Object, java.lang.Object, java.lang.Object)'> (0x00000000ff51a778) thrown at [./src/hotspot/share/interpreter/linkResolver.cpp, line 773]
Event: 113.632 Thread 0x000001a81ef88000 Exception <a 'java/lang/NoSuchMethodError'{0x00000000ff52e918}: 'java.lang.Object java.lang.invoke.Invokers$Holder.invoker(java.lang.Object, java.lang.Object, java.lang.Object)'> (0x00000000ff52e918) thrown at [./src/hotspot/share/interpreter/linkResolver.cpp, line 773]
Event: 113.637 Thread 0x000001a81ef88000 Exception <a 'java/lang/NoSuchMethodError'{0x00000000ff53f598}: 'void java.lang.invoke.DelegatingMethodHandle$Holder.delegate(java.lang.Object, java.lang.Object, int, java.lang.Object)'> (0x00000000ff53f598) thrown at [./src/hotspot/share/interpreter/linkResolver.cpp, line 773]
Event: 124.202 Thread 0x000001a81ef88000 Exception <a 'java/lang/NoSuchMethodError'{0x00000000fea1cc10}: 'java.lang.Object java.lang.invoke.DirectMethodHandle$Holder.invokeStaticInit(java.lang.Object, java.lang.Object, java.lang.Object)'> (0x00000000fea1cc10) thrown at [./src/hotspot/share/interpreter/linkResolver.cpp, line 773]
Event: 127.955 Thread 0x000001a81ef88000 Exception <a 'java/lang/NoSuchMethodError'{0x00000000fe527110}: 'java.lang.Object java.lang.invoke.DirectMethodHandle$Holder.invokeStaticInit(java.lang.Object, int, int, int, int)'> (0x00000000fe527110) thrown at [./src/hotspot/share/interpreter/linkResolver.cpp, line 773]
Event: 149.292 Thread 0x000001a81ef88000 Exception <a 'java/lang/NoSuchMethodError'{0x00000000fe574c20}: 'java.lang.Object java.lang.invoke.DirectMethodHandle$Holder.invokeStaticInit(java.lang.Object, java.lang.Object, int, int, int, int)'> (0x00000000fe574c20) thrown at [./src/hotspot/share/interpreter/linkResolver.cpp, line 773]
Event: 192.247 Thread 0x000001a81ef88000 Exception <a 'java/lang/NoSuchMethodError'{0x00000000fe43a4e8}: 'void java.lang.invoke.DirectMethodHandle$Holder.invokeSpecial(java.lang.Object, java.lang.Object)'> (0x00000000fe43a4e8) thrown at [./src/hotspot/share/interpreter/linkResolver.cpp, line 773]
Event: 192.474 Thread 0x000001a81ef88000 Implicit null exception at 0x000001a82f1d3e74 to 0x000001a82f1d4378
Event: 192.475 Thread 0x000001a81ef88000 Implicit null exception at 0x000001a82f1e6cf4 to 0x000001a82f1e71cc
Event: 210.032 Thread 0x000001a83a381800 Exception <a 'java/lang/NoSuchMethodError'{0x00000000fde9ecf0}: 'void java.lang.invoke.DirectMethodHandle$Holder.invokeStatic(java.lang.Object, long)'> (0x00000000fde9ecf0) thrown at [./src/hotspot/share/interpreter/linkResolver.cpp, line 773]
Event: 210.033 Thread 0x000001a83a381800 Exception <a 'java/lang/NoSuchMethodError'{0x00000000fdea3c98}: 'java.lang.Object java.lang.invoke.DirectMethodHandle$Holder.invokeStatic(java.lang.Object, long)'> (0x00000000fdea3c98) thrown at [./src/hotspot/share/interpreter/linkResolver.cpp, line 773]
Event: 210.036 Thread 0x000001a83a381800 Exception <a 'java/lang/NoSuchMethodError'{0x00000000fdeb1d38}: 'java.lang.Object java.lang.invoke.DirectMethodHandle$Holder.invokeStaticInit(java.lang.Object, java.lang.Object, long, java.lang.Object)'> (0x00000000fdeb1d38) thrown at [./src/hotspot/share/interpreter/linkResolver.cpp, line 773]
Event: 210.037 Thread 0x000001a83a381800 Exception <a 'java/lang/NoSuchMethodError'{0x00000000fdeb7c28}: 'java.lang.Object java.lang.invoke.DirectMethodHandle$Holder.invokeStatic(java.lang.Object, java.lang.Object, long)'> (0x00000000fdeb7c28) thrown at [./src/hotspot/share/interpreter/linkResolver.cpp, line 773]
Event: 210.038 Thread 0x000001a83a381800 Exception <a 'java/lang/NoSuchMethodError'{0x00000000fdebdef8}: 'java.lang.Object java.lang.invoke.Invokers$Holder.linkToTargetMethod(java.lang.Object, long, java.lang.Object)'> (0x00000000fdebdef8) thrown at [./src/hotspot/share/interpreter/linkResolver.cpp, line 773]

Events (20 events):
Event: 210.889 loading class sun/text/resources/cldr/FormatData_en_US
Event: 210.889 loading class sun/text/resources/cldr/FormatData_en_US done
Event: 210.890 loading class sun/util/locale/provider/LocaleResources$ResourceReference
Event: 210.890 loading class sun/util/locale/provider/LocaleResources$ResourceReference done
Event: 210.890 loading class java/text/DecimalFormatSymbols
Event: 210.890 loading class java/text/DecimalFormatSymbols done
Event: 210.891 loading class java/text/spi/DecimalFormatSymbolsProvider
Event: 210.891 loading class java/text/spi/DecimalFormatSymbolsProvider done
Event: 210.891 loading class sun/util/locale/provider/DecimalFormatSymbolsProviderImpl
Event: 210.891 loading class sun/util/locale/provider/DecimalFormatSymbolsProviderImpl done
Event: 210.892 loading class java/text/DecimalFormat
Event: 210.893 loading class java/text/DecimalFormat done
Event: 210.893 loading class java/text/FieldPosition
Event: 210.894 loading class java/text/FieldPosition done
Event: 210.894 loading class java/text/DigitList
Event: 210.894 loading class java/text/DigitList done
Event: 210.895 loading class java/io/PrintWriter
Event: 210.895 loading class java/io/PrintWriter done
Event: 227.071 loading class java/util/regex/Matcher$ImmutableMatchResult
Event: 227.071 loading class java/util/regex/Matcher$ImmutableMatchResult done


Dynamic libraries:
0x00007ff7f1870000 - 0x00007ff7f187d000 	C:\Program Files\Microsoft\jdk-11.0.18.10-hotspot\bin\java.exe
0x00007ffb1e460000 - 0x00007ffb1e669000 	C:\Windows\SYSTEM32\ntdll.dll
0x00007ffb1dbf0000 - 0x00007ffb1dcad000 	C:\Windows\System32\KERNEL32.DLL
0x00007ffb1bef0000 - 0x00007ffb1c274000 	C:\Windows\System32\KERNELBASE.dll
0x00007ffb1bd60000 - 0x00007ffb1be71000 	C:\Windows\System32\ucrtbase.dll
0x00007ffb17e90000 - 0x00007ffb17ea7000 	C:\Program Files\Microsoft\jdk-11.0.18.10-hotspot\bin\jli.dll
0x00007ffb1c660000 - 0x00007ffb1c80d000 	C:\Windows\System32\USER32.dll
0x00007ffb1c280000 - 0x00007ffb1c2a6000 	C:\Windows\System32\win32u.dll
0x00007ffb1cbb0000 - 0x00007ffb1cbda000 	C:\Windows\System32\GDI32.dll
0x00007ffb1b8f0000 - 0x00007ffb1ba0e000 	C:\Windows\System32\gdi32full.dll
0x00007ffb1bb80000 - 0x00007ffb1bc1d000 	C:\Windows\System32\msvcp_win.dll
0x00007ffb17370000 - 0x00007ffb17385000 	C:\Program Files\Microsoft\jdk-11.0.18.10-hotspot\bin\VCRUNTIME140.dll
0x00007ffb09ca0000 - 0x00007ffb09f45000 	C:\Windows\WinSxS\amd64_microsoft.windows.common-controls_6595b64144ccf1df_6.0.22000.120_none_9d947278b86cc467\COMCTL32.dll
0x00007ffb1dd10000 - 0x00007ffb1ddb3000 	C:\Windows\System32\msvcrt.dll
0x00007ffb1c810000 - 0x00007ffb1c841000 	C:\Windows\System32\IMM32.DLL
0x000000005d2b0000 - 0x000000005d2bc000 	C:\Program Files (x86)\360\Total Security\safemon\SafeWrapper.dll
0x00007ffb1c2b0000 - 0x00007ffb1c35e000 	C:\Windows\System32\ADVAPI32.dll
0x00007ffb1d550000 - 0x00007ffb1d5ee000 	C:\Windows\System32\sechost.dll
0x00007ffb1c360000 - 0x00007ffb1c481000 	C:\Windows\System32\RPCRT4.dll
0x00007ffab95e0000 - 0x00007ffab9672000 	C:\Program Files (x86)\360\Total Security\safemon\libzdtp64.dll
0x00007ffb1cd80000 - 0x00007ffb1d545000 	C:\Windows\System32\SHELL32.dll
0x00007ffb1c9c0000 - 0x00007ffb1ca1d000 	C:\Windows\System32\SHLWAPI.dll
0x00007ffb1b380000 - 0x00007ffb1b38a000 	C:\Windows\SYSTEM32\VERSION.dll
0x00007ffaefc80000 - 0x00007ffaefd1b000 	C:\Program Files\Microsoft\jdk-11.0.18.10-hotspot\bin\msvcp140.dll
0x00007ffadb4e0000 - 0x00007ffadc072000 	C:\Program Files\Microsoft\jdk-11.0.18.10-hotspot\bin\server\jvm.dll
0x00007ffb1c850000 - 0x00007ffb1c858000 	C:\Windows\System32\PSAPI.DLL
0x00007ffafb800000 - 0x00007ffafb809000 	C:\Windows\SYSTEM32\WSOCK32.dll
0x00007ffb1c950000 - 0x00007ffb1c9bf000 	C:\Windows\System32\WS2_32.dll
0x00007ffb13e00000 - 0x00007ffb13e33000 	C:\Windows\SYSTEM32\WINMM.dll
0x00007ffb1a9e0000 - 0x00007ffb1a9f8000 	C:\Windows\SYSTEM32\kernel.appcore.dll
0x00007ffb17360000 - 0x00007ffb17370000 	C:\Program Files\Microsoft\jdk-11.0.18.10-hotspot\bin\verify.dll
0x00007ffb0d740000 - 0x00007ffb0d961000 	C:\Windows\SYSTEM32\DBGHELP.DLL
0x00007ffafc060000 - 0x00007ffafc091000 	C:\Windows\SYSTEM32\dbgcore.DLL
0x00007ffb1bc20000 - 0x00007ffb1bc9f000 	C:\Windows\System32\bcryptPrimitives.dll
0x00007ffb13f70000 - 0x00007ffb13f98000 	C:\Program Files\Microsoft\jdk-11.0.18.10-hotspot\bin\java.dll
0x00007ffb15ee0000 - 0x00007ffb15eea000 	C:\Program Files\Microsoft\jdk-11.0.18.10-hotspot\bin\jimage.dll
0x00007ffb14700000 - 0x00007ffb14718000 	C:\Program Files\Microsoft\jdk-11.0.18.10-hotspot\bin\zip.dll
0x00007ffb19960000 - 0x00007ffb1a1c2000 	C:\Windows\SYSTEM32\windows.storage.dll
0x00007ffb1df80000 - 0x00007ffb1e2f6000 	C:\Windows\System32\combase.dll
0x00007ffb197f0000 - 0x00007ffb19957000 	C:\Windows\SYSTEM32\wintypes.dll
0x00007ffb1c860000 - 0x00007ffb1c94a000 	C:\Windows\System32\SHCORE.dll
0x00007ffb1b820000 - 0x00007ffb1b845000 	C:\Windows\SYSTEM32\profapi.dll
0x00007ffb13f50000 - 0x00007ffb13f69000 	C:\Program Files\Microsoft\jdk-11.0.18.10-hotspot\bin\net.dll
0x00007ffb14760000 - 0x00007ffb14874000 	C:\Windows\SYSTEM32\WINHTTP.dll
0x00007ffb1ae90000 - 0x00007ffb1aef7000 	C:\Windows\system32\mswsock.dll
0x00007ffb13f30000 - 0x00007ffb13f43000 	C:\Program Files\Microsoft\jdk-11.0.18.10-hotspot\bin\nio.dll
0x00007ffb13390000 - 0x00007ffb133b7000 	C:\Users\N\.gradle\native\68d5fa5c4cc2d200863cafc0d521ce42e7d3e7ee720ec0a83991735586a16f82\windows-amd64\native-platform.dll
0x00007ffb13380000 - 0x00007ffb13389000 	C:\Program Files\Microsoft\jdk-11.0.18.10-hotspot\bin\management.dll
0x00007ffb0d970000 - 0x00007ffb0d97b000 	C:\Program Files\Microsoft\jdk-11.0.18.10-hotspot\bin\management_ext.dll
0x00007ffb1b0e0000 - 0x00007ffb1b0f8000 	C:\Windows\SYSTEM32\CRYPTSP.dll
0x00007ffb1a940000 - 0x00007ffb1a975000 	C:\Windows\system32\rsaenh.dll
0x00007ffb1af80000 - 0x00007ffb1afac000 	C:\Windows\SYSTEM32\USERENV.dll
0x00007ffb1b250000 - 0x00007ffb1b277000 	C:\Windows\SYSTEM32\bcrypt.dll
0x00007ffb1b0d0000 - 0x00007ffb1b0dc000 	C:\Windows\SYSTEM32\CRYPTBASE.dll
0x00007ffb1a540000 - 0x00007ffb1a56d000 	C:\Windows\SYSTEM32\IPHLPAPI.DLL
0x00007ffb1cb30000 - 0x00007ffb1cb39000 	C:\Windows\System32\NSI.dll
0x00007ffb14cf0000 - 0x00007ffb14d09000 	C:\Windows\SYSTEM32\dhcpcsvc6.DLL
0x00007ffb14d10000 - 0x00007ffb14d2e000 	C:\Windows\SYSTEM32\dhcpcsvc.DLL
0x00007ffb1a5c0000 - 0x00007ffb1a6a7000 	C:\Windows\SYSTEM32\DNSAPI.dll

dbghelp: loaded successfully - version: 4.0.5 - missing functions: none
symbol engine: initialized successfully - sym options: 0x614 - pdb path: .;C:\Program Files\Microsoft\jdk-11.0.18.10-hotspot\bin;C:\Windows\SYSTEM32;C:\Windows\WinSxS\amd64_microsoft.windows.common-controls_6595b64144ccf1df_6.0.22000.120_none_9d947278b86cc467;C:\Program Files (x86)\360\Total Security\safemon;C:\Program Files\Microsoft\jdk-11.0.18.10-hotspot\bin\server;C:\Users\N\.gradle\native\68d5fa5c4cc2d200863cafc0d521ce42e7d3e7ee720ec0a83991735586a16f82\windows-amd64

VM Arguments:
jvm_args: -Xmx64m -Xms64m -Dorg.gradle.appname=gradlew 
java_command: org.gradle.wrapper.GradleWrapperMain tasks
java_class_path (initial): C:\Users\N\Desktop\SALES\wakulima\android\\gradle\wrapper\gradle-wrapper.jar
Launcher Type: SUN_STANDARD

[Global flags]
     intx CICompilerCount                          = 3                                         {product} {ergonomic}
     uint ConcGCThreads                            = 1                                         {product} {ergonomic}
     uint G1ConcRefinementThreads                  = 4                                         {product} {ergonomic}
   size_t G1HeapRegionSize                         = 1048576                                   {product} {ergonomic}
    uintx GCDrainStackTargetSize                   = 64                                        {product} {ergonomic}
   size_t InitialHeapSize                          = 67108864                                  {product} {command line}
   size_t MarkStackSize                            = 4194304                                   {product} {ergonomic}
   size_t MaxHeapSize                              = 67108864                                  {product} {command line}
   size_t MaxNewSize                               = 39845888                                  {product} {ergonomic}
   size_t MinHeapDeltaBytes                        = 1048576                                   {product} {ergonomic}
    uintx NonNMethodCodeHeapSize                   = 5830732                                {pd product} {ergonomic}
    uintx NonProfiledCodeHeapSize                  = 122913754                              {pd product} {ergonomic}
    uintx ProfiledCodeHeapSize                     = 122913754                              {pd product} {ergonomic}
    uintx ReservedCodeCacheSize                    = 251658240                              {pd product} {ergonomic}
     bool SegmentedCodeCache                       = true                                      {product} {ergonomic}
     bool UseCompressedClassPointers               = true                                 {lp64_product} {ergonomic}
     bool UseCompressedOops                        = true                                 {lp64_product} {ergonomic}
     bool UseG1GC                                  = true                                      {product} {ergonomic}
     bool UseLargePagesIndividualAllocation        = false                                  {pd product} {ergonomic}

Logging:
Log output configuration:
 #0: stdout all=warning uptime,level,tags
 #1: stderr all=off uptime,level,tags

Environment Variables:
JAVA_HOME=C:\Program Files\Microsoft\jdk-11.0.18.10-hotspot\
CLASSPATH=C:\Users\N\Desktop\SALES\wakulima\android\\gradle\wrapper\gradle-wrapper.jar
PATH=C:\Users\N\Desktop\SALES\wakulima\node_modules\.bin;C:\Users\N\Desktop\SALES\wakulima\node_modules\.bin;C:\Users\N\Desktop\SALES\node_modules\.bin;C:\Users\N\Desktop\node_modules\.bin;C:\Users\N\node_modules\.bin;C:\Users\node_modules\.bin;C:\node_modules\.bin;C:\Program Files\nodejs\node_modules\npm\node_modules\@npmcli\run-script\lib\node-gyp-bin;C:\Users\N\Desktop\SALES\wakulima\node_modules\.bin;C:\Users\N\Desktop\SALES\wakulima\node_modules\.bin;C:\Users\N\Desktop\SALES\node_modules\.bin;C:\Users\N\Desktop\node_modules\.bin;C:\Users\N\node_modules\.bin;C:\Users\node_modules\.bin;C:\node_modules\.bin;C:\Program Files\nodejs\node_modules\npm\node_modules\@npmcli\run-script\lib\node-gyp-bin;C:\Program Files\Microsoft\jdk-11.0.18.10-hotspot\bin;C:\Program Files\Common Files\Oracle\Java\javapath;C:\Windows\system32;C:\Windows;C:\Windows\System32\Wbem;C:\Windows\System32\WindowsPowerShell\v1.0\;C:\Windows\System32\OpenSSH\;C:\ProgramData\chocolatey\bin;C:\Program Files\nodejs\;C:\Program Files (x86)\Windows Kits\10\Windows Performance Toolkit\;C:\Program Files\Git\cmd;C:\Users\N\AppData\Loca\Android\Sdk\platform-tools;C:\Program Files\GitHub CLI\;C:\Users\N\AppData\Local\Programs\Python\Python311\Scripts\;C:\Users\N\AppData\Local\Programs\Python\Python311\;C:\Users\N\AppData\Local\Microsoft\WindowsApps;C:\Users\N\AppData\Local\Programs\Microsoft VS Code\bin;C:\Users\N\AppData\Roaming\npm;C:\Program Files\Android\platform-tools;C:\Program Files\JetBrains\IntelliJ IDEA 2023.1.1\bin;;C:\Users\N\AppData\Local\GitHubDesktop\bin;C:\Program Files\JetBrains\PyCharm Community Edition 2023.1.2\bin;;C:\Program Files\heroku\bin
USERNAME=N
LANG=en_US.UTF-8
OS=Windows_NT
PROCESSOR_IDENTIFIER=Intel64 Family 6 Model 78 Stepping 3, GenuineIntel
TMP=C:\Users\N\AppData\Local\Temp
TEMP=C:\Users\N\AppData\Local\Temp



---------------  S Y S T E M  ---------------

OS: Windows 11 , 64 bit Build 22000 (10.0.22000.2360)
OS uptime: 1 days 16:41 hours

CPU:total 4 (initial active 4) (2 cores per cpu, 2 threads per core) family 6 model 78 stepping 3 microcode 0xf0, cmov, cx8, fxsr, mmx, sse, sse2, sse3, ssse3, sse4.1, sse4.2, popcnt, avx, avx2, aes, clmul, erms, rtm, 3dnowpref, lzcnt, ht, tsc, tscinvbit, bmi1, bmi2, adx, fma

Memory: 4k page, system-wide physical 16220M (2109M free)
TotalPageFile size 46656M (AvailPageFile size 0M)
current process WorkingSet (physical memory assigned to process): 86M, peak: 87M
current process commit charge ("private bytes"): 152M, peak: 154M

vm_info: OpenJDK 64-Bit Server VM (11.0.18+10-LTS) for windows-amd64 JRE (11.0.18+10-LTS), built on Jan 18 2023 15:56:47 by "MicrosoftCorporation" with MS VC++ 15.9 (VS2017)

END.
